<?xml version="1.0" encoding="UTF-8"?>
<testsuites name="AzureDisk CSI Driver Scale Tests" tests="4" failures="4" errors="0" time="2.644"><testsuite name="AzureDisk CSI Driver Scale Tests" tests="4" failures="4" errors="0" time="2.644"><testcase name="BeforeSuite" classname="AzureDisk CSI Driver Scale Tests" time="0.000658737"><failure type="Failure">/home/jlong/projects/azuredisk-csi-driver/test/scale/scale_test.go:37&#xA;Unexpected error:&#xA;    &lt;*errors.errorString | 0xc000911d80&gt;: {&#xA;        s: &#34;If you are running tests locally, you will need to set the following env vars: $AZURE_TENANT_ID, $AZURE_SUBSCRIPTION_ID, $AZURE_CLIENT_ID, $AZURE_CLIENT_SECRET, $AZURE_RESOURCE_GROUP, $AZURE_LOCATION&#34;,&#xA;    }&#xA;    If you are running tests locally, you will need to set the following env vars: $AZURE_TENANT_ID, $AZURE_SUBSCRIPTION_ID, $AZURE_CLIENT_ID, $AZURE_CLIENT_SECRET, $AZURE_RESOURCE_GROUP, $AZURE_LOCATION&#xA;occurred&#xA;/home/jlong/projects/azuredisk-csi-driver/test/scale/scale_test.go:51</failure></testcase></testsuite></testsuites>